Pagefind logging initialized
[Status]: [Walking source directory]
[Info]: Found 7 files matching **/*.{html}
[Status]: [Parsing files]
[Info]: Did not find a data-pagefind-body element on the site.
↳ Indexing all <body> elements on the site.
[Status]: [Reading languages]
[Info]: Discovered 1 language: unknown
[Info]:   * unknown: 7 pages
[Status]: [Building search indexes]
[Info]: Language unknown: 
  Indexed 7 pages
  Indexed 161 words
  Indexed 0 filters
  Indexed 0 sorts

[Info]: Total: 
  Indexed 1 language
  Indexed 7 pages
  Indexed 161 words
  Indexed 0 filters
  Indexed 0 sorts
